Best known = inf
(Gen. 0) BestSol = Solution: cost=[5671.0], size=[56], elements=[0, 3, 7, 8, 11, 12, 13, 15, 16, 18, 19, 20, 21, 22, 24, 28, 29, 32, 33, 38, 39, 42, 44, 45, 47, 48, 49, 50, 51, 52, 54, 55, 56, 59, 60, 61, 62, 63, 64, 65, 67, 68, 69, 72, 74, 76, 79, 80, 83, 85, 87, 89, 90, 94, 96, 97]
Real value = 5671.0 Cover = 100
(Gen. 1 at 2.058s) BestSol = Solution: cost=[7815.0], size=[62], elements=[1, 5, 6, 7, 10, 11, 13, 16, 17, 18, 21, 22, 25, 26, 27, 28, 30, 31, 33, 35, 36, 37, 38, 40, 44, 45, 46, 47, 48, 50, 52, 54, 55, 56, 57, 58, 59, 60, 61, 63, 64, 65, 66, 68, 69, 73, 76, 77, 78, 79, 80, 83, 84, 85, 86, 88, 91, 92, 95, 96, 98, 99]
Real value = 7815.0 Cover = 100
(Gen. 2 at 2.742s) BestSol = Solution: cost=[8289.0], size=[54], elements=[1, 3, 4, 7, 10, 11, 12, 13, 16, 18, 19, 20, 22, 23, 24, 25, 26, 27, 28, 29, 30, 31, 34, 35, 36, 38, 39, 45, 46, 47, 48, 54, 55, 58, 60, 61, 62, 64, 65, 66, 67, 68, 69, 73, 78, 80, 84, 85, 87, 89, 90, 91, 95, 96]
Real value = 8289.0 Cover = 100
(Gen. 3 at 3.362s) BestSol = Solution: cost=[8984.0], size=[59], elements=[3, 4, 5, 6, 7, 8, 12, 14, 15, 16, 17, 18, 21, 22, 23, 24, 25, 26, 27, 30, 36, 38, 39, 40, 42, 43, 44, 45, 46, 47, 51, 52, 53, 54, 55, 57, 58, 60, 61, 63, 65, 66, 67, 69, 73, 75, 76, 77, 78, 80, 82, 84, 85, 87, 88, 90, 92, 96, 98]
Real value = 8984.0 Cover = 100
(Gen. 4 at 3.958s) BestSol = Solution: cost=[10282.0], size=[64], elements=[0, 3, 5, 7, 8, 9, 11, 12, 14, 17, 18, 20, 22, 23, 24, 25, 27, 28, 30, 31, 33, 36, 37, 38, 39, 40, 41, 44, 45, 46, 47, 50, 51, 52, 53, 54, 56, 58, 59, 60, 63, 65, 66, 67, 69, 70, 72, 74, 75, 76, 77, 78, 79, 80, 83, 84, 85, 86, 88, 89, 90, 95, 96, 98]
Real value = 10282.0 Cover = 100
(Gen. 5 at 4.617s) BestSol = Solution: cost=[10903.0], size=[58], elements=[0, 2, 3, 4, 6, 7, 8, 10, 11, 12, 13, 16, 17, 18, 20, 22, 24, 25, 26, 27, 28, 31, 36, 38, 39, 42, 45, 46, 47, 52, 55, 56, 58, 59, 60, 61, 63, 64, 65, 66, 67, 68, 69, 74, 75, 77, 78, 79, 80, 82, 83, 84, 85, 88, 89, 92, 95, 98]
Real value = 10903.0 Cover = 100
(Gen. 6 at 5.446s) BestSol = Solution: cost=[11862.0], size=[56], elements=[1, 3, 4, 7, 8, 11, 12, 13, 15, 16, 17, 18, 20, 22, 24, 25, 26, 27, 30, 33, 36, 38, 39, 42, 45, 46, 47, 49, 52, 55, 56, 58, 59, 60, 61, 64, 65, 66, 67, 68, 69, 74, 75, 76, 77, 78, 79, 82, 83, 84, 86, 87, 88, 89, 95, 98]
Real value = 11862.0 Cover = 100
(Gen. 7 at 6.143s) BestSol = Solution: cost=[11964.0], size=[61], elements=[3, 4, 7, 8, 10, 11, 12, 14, 16, 17, 18, 20, 21, 22, 23, 24, 25, 26, 28, 31, 32, 36, 39, 42, 44, 45, 46, 47, 50, 51, 52, 55, 56, 58, 59, 60, 61, 63, 64, 65, 66, 67, 68, 69, 74, 75, 76, 77, 79, 80, 82, 83, 84, 85, 88, 89, 91, 95, 96, 98, 99]
Real value = 11964.0 Cover = 100
(Gen. 9 at 7.459s) BestSol = Solution: cost=[12032.0], size=[57], elements=[1, 3, 5, 6, 7, 8, 12, 14, 17, 18, 20, 21, 22, 24, 25, 26, 27, 28, 30, 31, 33, 35, 37, 41, 42, 44, 45, 46, 47, 51, 52, 54, 55, 56, 57, 58, 59, 61, 62, 64, 65, 66, 67, 68, 73, 76, 77, 78, 79, 80, 84, 85, 89, 92, 94, 95, 98]
Real value = 12032.0 Cover = 100
(Gen. 10 at 8.149s) BestSol = Solution: cost=[12206.0], size=[63], elements=[1, 3, 6, 9, 10, 11, 12, 13, 16, 17, 18, 20, 21, 22, 25, 27, 30, 32, 33, 35, 38, 39, 40, 41, 44, 45, 46, 47, 48, 50, 51, 52, 54, 55, 56, 57, 58, 60, 61, 63, 64, 65, 66, 67, 68, 69, 74, 75, 76, 77, 78, 79, 80, 84, 85, 87, 88, 89, 91, 92, 95, 96, 98]
Real value = 12206.0 Cover = 100
(Gen. 11 at 8.961s) BestSol = Solution: cost=[13487.0], size=[60], elements=[1, 3, 4, 5, 6, 7, 8, 9, 11, 12, 16, 17, 18, 20, 21, 22, 23, 24, 25, 31, 32, 33, 36, 37, 39, 40, 41, 42, 44, 45, 46, 47, 50, 51, 52, 53, 55, 56, 58, 59, 60, 62, 64, 66, 67, 68, 69, 74, 75, 76, 77, 79, 80, 83, 84, 85, 89, 91, 95, 96]
Real value = 13487.0 Cover = 100
(Gen. 12 at 9.676s) BestSol = Solution: cost=[13497.0], size=[64], elements=[1, 2, 3, 4, 5, 6, 7, 8, 11, 12, 14, 16, 17, 18, 20, 22, 23, 24, 25, 26, 27, 31, 32, 33, 35, 36, 37, 39, 41, 42, 44, 45, 46, 47, 52, 53, 55, 56, 58, 59, 60, 61, 62, 64, 65, 66, 67, 68, 69, 73, 74, 75, 76, 77, 79, 80, 83, 84, 85, 88, 89, 91, 95, 96]
Real value = 13497.0 Cover = 100
(Gen. 13 at 10.332s) BestSol = Solution: cost=[13699.0], size=[65], elements=[1, 3, 4, 6, 7, 8, 10, 11, 12, 13, 14, 16, 17, 18, 20, 22, 23, 24, 25, 26, 27, 28, 30, 31, 35, 37, 39, 41, 42, 43, 44, 45, 46, 52, 53, 54, 55, 56, 57, 58, 59, 60, 61, 62, 63, 64, 65, 66, 67, 68, 69, 75, 76, 77, 79, 80, 83, 84, 85, 86, 89, 91, 96, 98, 99]
Real value = 13699.0 Cover = 100
(Gen. 14 at 11.113s) BestSol = Solution: cost=[16102.0], size=[65], elements=[1, 3, 4, 6, 7, 9, 10, 11, 12, 13, 14, 16, 17, 18, 20, 22, 23, 24, 25, 26, 27, 30, 31, 35, 37, 38, 41, 42, 43, 44, 45, 46, 48, 51, 52, 53, 54, 55, 56, 57, 58, 59, 60, 61, 62, 64, 65, 66, 67, 68, 69, 70, 75, 76, 77, 78, 79, 80, 83, 84, 85, 89, 91, 96, 98]
Real value = 16102.0 Cover = 100
(Gen. 16 at 12.75s) BestSol = Solution: cost=[16777.0], size=[67], elements=[0, 1, 3, 4, 5, 7, 9, 11, 12, 13, 16, 17, 18, 20, 22, 23, 24, 25, 27, 30, 31, 33, 35, 36, 37, 39, 40, 41, 42, 43, 44, 45, 46, 47, 52, 53, 55, 56, 57, 58, 59, 60, 61, 62, 63, 64, 65, 66, 67, 68, 69, 74, 76, 77, 78, 80, 83, 84, 85, 87, 88, 89, 91, 92, 95, 96, 98]
Real value = 16777.0 Cover = 100
(Gen. 19 at 14.956s) BestSol = Solution: cost=[17476.0], size=[69], elements=[1, 2, 3, 4, 5, 6, 7, 9, 11, 12, 13, 14, 16, 17, 18, 20, 22, 23, 24, 25, 26, 27, 28, 30, 31, 33, 35, 36, 37, 39, 41, 42, 44, 45, 46, 47, 49, 51, 52, 53, 55, 56, 57, 58, 59, 60, 61, 64, 65, 66, 67, 68, 74, 76, 77, 78, 79, 80, 82, 83, 84, 85, 87, 89, 91, 92, 95, 96, 98]
Real value = 17476.0 Cover = 100
(Gen. 24 at 18.443s) BestSol = Solution: cost=[17811.0], size=[71], elements=[1, 3, 4, 5, 6, 7, 9, 10, 11, 12, 14, 16, 17, 18, 20, 21, 22, 23, 24, 25, 26, 27, 28, 30, 31, 33, 35, 36, 37, 42, 43, 44, 45, 46, 47, 48, 51, 52, 53, 54, 55, 56, 57, 58, 59, 60, 61, 64, 65, 66, 67, 68, 69, 74, 76, 77, 78, 79, 80, 82, 83, 84, 85, 87, 89, 90, 91, 92, 95, 96, 98]
Real value = 17811.0 Cover = 100
(Gen. 25 at 19.108s) BestSol = Solution: cost=[17947.0], size=[70], elements=[1, 3, 4, 5, 6, 7, 9, 11, 12, 13, 14, 16, 17, 18, 20, 22, 23, 24, 25, 26, 27, 28, 30, 31, 33, 35, 36, 37, 39, 40, 41, 42, 44, 45, 46, 47, 49, 51, 52, 53, 54, 55, 56, 57, 58, 59, 60, 61, 64, 65, 66, 67, 68, 69, 74, 75, 76, 77, 78, 80, 83, 84, 85, 87, 89, 91, 92, 95, 96, 99]
Real value = 17947.0 Cover = 100
(Gen. 26 at 19.688s) BestSol = Solution: cost=[18547.0], size=[69], elements=[0, 1, 3, 4, 5, 6, 7, 9, 11, 12, 13, 14, 16, 17, 18, 20, 22, 23, 24, 25, 26, 27, 30, 31, 33, 35, 36, 37, 39, 40, 42, 44, 45, 46, 47, 49, 51, 52, 53, 55, 56, 57, 58, 59, 60, 61, 64, 65, 66, 67, 68, 69, 74, 75, 76, 77, 78, 79, 80, 83, 84, 85, 87, 89, 91, 92, 95, 96, 98]
Real value = 18547.0 Cover = 100
(Gen. 32 at 24.047s) BestSol = Solution: cost=[18587.0], size=[69], elements=[1, 3, 4, 5, 6, 7, 9, 11, 12, 14, 16, 17, 18, 19, 20, 22, 23, 24, 25, 26, 27, 28, 30, 31, 33, 35, 36, 37, 39, 41, 42, 44, 45, 46, 47, 51, 52, 53, 55, 56, 57, 58, 59, 60, 61, 64, 65, 66, 67, 68, 69, 74, 75, 76, 77, 78, 79, 80, 82, 83, 84, 85, 87, 89, 90, 91, 92, 95, 98]
Real value = 18587.0 Cover = 100
(Gen. 33 at 24.694s) BestSol = Solution: cost=[18653.0], size=[70], elements=[0, 1, 3, 4, 5, 6, 7, 9, 10, 11, 12, 13, 14, 16, 17, 18, 20, 22, 23, 24, 25, 27, 30, 31, 33, 35, 36, 37, 40, 41, 42, 44, 45, 46, 47, 48, 49, 52, 53, 55, 56, 57, 58, 59, 60, 61, 64, 65, 66, 67, 68, 69, 74, 75, 76, 77, 78, 80, 82, 83, 84, 85, 86, 89, 91, 92, 94, 95, 96, 98]
Real value = 18653.0 Cover = 100
(Gen. 34 at 25.384s) BestSol = Solution: cost=[18844.0], size=[68], elements=[1, 3, 4, 5, 6, 7, 9, 11, 12, 13, 14, 16, 17, 18, 20, 22, 23, 24, 25, 27, 30, 31, 33, 35, 36, 37, 41, 42, 44, 45, 46, 47, 48, 49, 51, 52, 53, 55, 56, 57, 58, 59, 60, 61, 64, 65, 66, 67, 68, 69, 74, 75, 76, 77, 78, 80, 82, 83, 84, 85, 87, 89, 91, 92, 94, 95, 98, 99]
Real value = 18844.0 Cover = 100
(Gen. 35 at 26.04s) BestSol = Solution: cost=[18919.0], size=[70], elements=[1, 3, 4, 5, 6, 7, 9, 11, 12, 13, 14, 16, 17, 18, 20, 22, 23, 24, 25, 26, 27, 28, 30, 31, 33, 35, 36, 37, 39, 40, 41, 42, 44, 45, 46, 47, 49, 51, 52, 53, 55, 56, 57, 58, 59, 60, 61, 64, 65, 66, 67, 68, 69, 74, 75, 76, 78, 79, 80, 83, 84, 85, 87, 89, 90, 91, 92, 95, 96, 98]
Real value = 18919.0 Cover = 100
(Gen. 36 at 26.747s) BestSol = Solution: cost=[19093.0], size=[67], elements=[1, 3, 4, 5, 7, 9, 11, 12, 13, 14, 16, 17, 18, 20, 22, 23, 24, 25, 27, 31, 33, 35, 36, 37, 41, 42, 43, 44, 45, 46, 47, 48, 49, 51, 52, 53, 55, 56, 57, 58, 59, 60, 61, 64, 65, 66, 67, 68, 69, 73, 74, 75, 76, 77, 78, 80, 82, 83, 84, 85, 87, 89, 90, 91, 92, 95, 98]
Real value = 19093.0 Cover = 100
(Gen. 37 at 27.323s) BestSol = Solution: cost=[19585.0], size=[71], elements=[1, 3, 4, 5, 6, 7, 8, 9, 10, 11, 12, 14, 16, 17, 18, 20, 22, 23, 24, 25, 26, 27, 28, 30, 33, 35, 36, 37, 39, 40, 41, 42, 44, 45, 46, 47, 48, 49, 51, 52, 53, 55, 56, 57, 58, 59, 60, 61, 64, 65, 66, 67, 68, 69, 74, 75, 76, 77, 78, 80, 82, 83, 84, 85, 86, 89, 90, 92, 95, 96, 98]
Real value = 19585.0 Cover = 100
(Gen. 42 at 30.291s) BestSol = Solution: cost=[19665.0], size=[69], elements=[1, 3, 4, 5, 6, 7, 8, 9, 11, 12, 13, 14, 16, 17, 18, 20, 22, 23, 24, 25, 27, 28, 31, 33, 35, 36, 37, 40, 41, 42, 44, 45, 46, 47, 48, 49, 51, 52, 53, 55, 56, 57, 58, 59, 60, 61, 64, 65, 66, 67, 68, 69, 74, 75, 76, 77, 78, 80, 82, 83, 84, 85, 89, 90, 91, 92, 93, 95, 98]
Real value = 19665.0 Cover = 100
maxVal = Solution: cost=[19665.0], size=[69], elements=[1, 3, 4, 5, 6, 7, 8, 9, 11, 12, 13, 14, 16, 17, 18, 20, 22, 23, 24, 25, 27, 28, 31, 33, 35, 36, 37, 40, 41, 42, 44, 45, 46, 47, 48, 49, 51, 52, 53, 55, 56, 57, 58, 59, 60, 61, 64, 65, 66, 67, 68, 69, 74, 75, 76, 77, 78, 80, 82, 83, 84, 85, 89, 90, 91, 92, 93, 95, 98]
TotalTime = 30.308 seconds
