Best known = inf
(Gen. 0) BestSol = Solution: cost=[265.0], size=[12], elements=[3, 5, 7, 8, 10, 11, 14, 16, 18, 20, 22, 24]
Real value = 265.0 Cover = 25
(Gen. 0 at 0.169s) BestSol = Solution: cost=[454.0], size=[14], elements=[1, 2, 3, 5, 6, 7, 9, 14, 16, 17, 18, 19, 20, 22]
Real value = 454.0 Cover = 25
(Gen. 1 at 0.218s) BestSol = Solution: cost=[676.0], size=[14], elements=[0, 2, 3, 6, 7, 9, 10, 11, 14, 16, 18, 20, 22, 24]
Real value = 676.0 Cover = 25
(Gen. 3 at 0.313s) BestSol = Solution: cost=[691.0], size=[13], elements=[0, 2, 3, 6, 9, 10, 11, 14, 16, 18, 20, 22, 24]
Real value = 691.0 Cover = 25
(Gen. 4 at 0.361s) BestSol = Solution: cost=[695.0], size=[13], elements=[0, 3, 6, 7, 8, 9, 10, 11, 14, 16, 18, 20, 22]
Real value = 695.0 Cover = 25
(Gen. 5 at 0.408s) BestSol = Solution: cost=[706.0], size=[14], elements=[0, 3, 6, 7, 8, 10, 11, 14, 16, 17, 18, 20, 22, 24]
Real value = 706.0 Cover = 25
(Gen. 9 at 0.594s) BestSol = Solution: cost=[840.0], size=[14], elements=[0, 3, 5, 6, 8, 9, 10, 11, 14, 16, 17, 18, 20, 24]
Real value = 840.0 Cover = 25
(Gen. 12 at 0.736s) BestSol = Solution: cost=[851.0], size=[12], elements=[0, 3, 5, 6, 9, 11, 14, 16, 17, 18, 20, 24]
Real value = 851.0 Cover = 25
(Gen. 14 at 0.835s) BestSol = Solution: cost=[868.0], size=[14], elements=[0, 3, 6, 7, 8, 9, 10, 11, 14, 16, 17, 18, 20, 24]
Real value = 868.0 Cover = 25
(Gen. 15 at 0.902s) BestSol = Solution: cost=[889.0], size=[11], elements=[0, 3, 6, 9, 11, 14, 16, 17, 18, 20, 24]
Real value = 889.0 Cover = 25
(Gen. 17 at 1.018s) BestSol = Solution: cost=[914.0], size=[12], elements=[0, 3, 6, 7, 8, 9, 14, 16, 18, 20, 22, 24]
Real value = 914.0 Cover = 25
(Gen. 18 at 1.063s) BestSol = Solution: cost=[920.0], size=[13], elements=[0, 3, 6, 7, 8, 9, 10, 14, 16, 18, 20, 22, 24]
Real value = 920.0 Cover = 25
(Gen. 19 at 1.11s) BestSol = Solution: cost=[975.0], size=[14], elements=[0, 3, 6, 7, 8, 9, 11, 12, 14, 16, 17, 18, 20, 24]
Real value = 975.0 Cover = 25
maxVal = Solution: cost=[975.0], size=[14], elements=[0, 3, 6, 7, 8, 9, 11, 12, 14, 16, 17, 18, 20, 24]
TotalTime = 10.017 seconds
