Best known = inf
(Gen. 0) BestSol = Solution: cost=[6988.0], size=[53], elements=[0, 2, 5, 6, 9, 10, 11, 13, 14, 15, 17, 18, 19, 20, 23, 25, 27, 31, 35, 36, 38, 39, 41, 42, 43, 47, 48, 49, 50, 53, 54, 57, 59, 60, 61, 63, 64, 69, 70, 74, 75, 80, 81, 83, 84, 85, 87, 88, 89, 92, 93, 94, 95]
Real value = 6988.0 Cover = 100
(Gen. 1 at 1.989s) BestSol = Solution: cost=[7612.0], size=[53], elements=[3, 7, 9, 11, 16, 17, 19, 20, 21, 22, 25, 26, 28, 30, 31, 34, 36, 41, 42, 43, 45, 46, 48, 50, 51, 52, 53, 55, 56, 58, 59, 61, 62, 64, 65, 66, 67, 68, 69, 71, 74, 76, 77, 79, 80, 81, 82, 84, 87, 88, 93, 94, 98]
Real value = 7612.0 Cover = 100
(Gen. 2 at 2.591s) BestSol = Solution: cost=[8005.0], size=[58], elements=[0, 2, 3, 6, 8, 9, 10, 11, 12, 14, 15, 16, 18, 19, 23, 25, 27, 28, 30, 31, 35, 36, 37, 38, 40, 41, 42, 43, 46, 48, 49, 50, 51, 54, 55, 57, 58, 60, 63, 65, 67, 69, 70, 71, 73, 75, 76, 77, 80, 81, 87, 89, 91, 92, 93, 94, 95, 98]
Real value = 8005.0 Cover = 100
(Gen. 3 at 3.197s) BestSol = Solution: cost=[10240.0], size=[52], elements=[0, 1, 4, 5, 9, 10, 14, 18, 19, 22, 23, 25, 26, 28, 34, 37, 38, 39, 42, 43, 45, 46, 47, 48, 49, 50, 51, 53, 54, 55, 56, 58, 60, 61, 64, 67, 68, 69, 70, 71, 73, 74, 75, 76, 81, 82, 86, 88, 92, 94, 95, 98]
Real value = 10240.0 Cover = 100
(Gen. 6 at 5.116s) BestSol = Solution: cost=[14607.0], size=[64], elements=[0, 4, 5, 6, 8, 9, 10, 11, 16, 18, 19, 21, 22, 25, 26, 27, 28, 31, 34, 36, 37, 39, 40, 42, 43, 45, 46, 47, 48, 49, 50, 51, 53, 54, 55, 56, 57, 58, 60, 61, 62, 64, 65, 67, 68, 69, 70, 71, 73, 74, 75, 76, 77, 79, 80, 82, 86, 87, 88, 92, 94, 95, 98, 99]
Real value = 14607.0 Cover = 100
(Gen. 12 at 8.852s) BestSol = Solution: cost=[14892.0], size=[66], elements=[0, 1, 3, 4, 5, 6, 8, 9, 11, 14, 15, 16, 18, 19, 20, 21, 22, 24, 25, 26, 28, 31, 36, 37, 39, 40, 42, 43, 45, 46, 48, 49, 50, 51, 53, 54, 55, 56, 57, 58, 59, 60, 61, 64, 65, 66, 67, 68, 69, 70, 71, 74, 75, 76, 80, 81, 82, 86, 87, 88, 90, 92, 94, 95, 98, 99]
Real value = 14892.0 Cover = 100
(Gen. 13 at 9.547s) BestSol = Solution: cost=[15227.0], size=[63], elements=[0, 3, 5, 6, 7, 8, 9, 11, 13, 14, 16, 18, 19, 21, 22, 23, 25, 26, 27, 28, 31, 39, 40, 41, 42, 43, 45, 46, 47, 48, 49, 50, 51, 53, 54, 55, 56, 57, 58, 61, 62, 63, 64, 65, 67, 68, 69, 70, 73, 75, 77, 79, 80, 82, 86, 87, 88, 91, 92, 94, 95, 98, 99]
Real value = 15227.0 Cover = 100
(Gen. 14 at 10.238s) BestSol = Solution: cost=[15703.0], size=[64], elements=[0, 1, 3, 4, 6, 7, 9, 11, 14, 15, 16, 19, 20, 21, 22, 23, 24, 25, 26, 27, 28, 31, 36, 37, 39, 40, 41, 43, 45, 46, 47, 48, 49, 50, 51, 53, 54, 55, 56, 57, 58, 60, 61, 64, 65, 67, 69, 70, 71, 73, 74, 75, 76, 77, 80, 85, 87, 88, 90, 91, 92, 93, 94, 95]
Real value = 15703.0 Cover = 100
(Gen. 16 at 11.662s) BestSol = Solution: cost=[16463.0], size=[69], elements=[0, 1, 3, 4, 5, 6, 9, 11, 14, 15, 16, 18, 19, 21, 22, 23, 26, 28, 31, 32, 36, 37, 38, 39, 40, 41, 42, 43, 45, 46, 48, 49, 50, 51, 53, 54, 55, 56, 57, 58, 59, 61, 62, 64, 67, 68, 69, 70, 71, 72, 73, 74, 75, 76, 77, 79, 80, 81, 82, 84, 86, 87, 88, 91, 92, 93, 94, 95, 98]
Real value = 16463.0 Cover = 100
(Gen. 18 at 13.083s) BestSol = Solution: cost=[16565.0], size=[65], elements=[0, 1, 3, 4, 5, 6, 9, 11, 13, 14, 15, 16, 18, 19, 21, 22, 23, 26, 27, 28, 31, 32, 37, 38, 39, 40, 41, 42, 43, 45, 46, 48, 49, 50, 51, 53, 54, 55, 56, 57, 58, 59, 61, 62, 64, 65, 67, 68, 69, 70, 73, 74, 75, 77, 80, 81, 82, 87, 88, 92, 93, 94, 95, 98, 99]
Real value = 16565.0 Cover = 100
(Gen. 19 at 13.739s) BestSol = Solution: cost=[17019.0], size=[77], elements=[0, 1, 3, 4, 5, 6, 7, 8, 9, 11, 13, 14, 16, 18, 19, 20, 21, 22, 23, 25, 26, 27, 28, 31, 35, 36, 37, 38, 39, 40, 41, 42, 43, 45, 46, 47, 48, 49, 50, 51, 52, 53, 54, 55, 56, 57, 58, 59, 61, 62, 64, 65, 67, 68, 69, 70, 71, 73, 74, 75, 76, 77, 79, 80, 81, 82, 84, 85, 87, 88, 90, 91, 92, 93, 94, 95, 98]
Real value = 17019.0 Cover = 100
(Gen. 23 at 16.441s) BestSol = Solution: cost=[17237.0], size=[69], elements=[0, 1, 4, 5, 6, 8, 9, 10, 11, 13, 14, 15, 16, 18, 19, 21, 22, 23, 26, 27, 28, 31, 32, 35, 37, 39, 40, 41, 42, 43, 45, 46, 47, 48, 49, 50, 53, 54, 55, 56, 57, 58, 59, 61, 62, 63, 64, 65, 67, 68, 69, 70, 72, 73, 75, 76, 77, 80, 81, 82, 87, 88, 90, 91, 92, 93, 94, 95, 98]
Real value = 17237.0 Cover = 100
(Gen. 25 at 17.646s) BestSol = Solution: cost=[18027.0], size=[68], elements=[0, 1, 4, 5, 6, 9, 11, 13, 14, 15, 16, 18, 19, 21, 22, 23, 26, 27, 28, 31, 36, 37, 39, 40, 41, 42, 43, 45, 46, 47, 48, 49, 50, 51, 53, 54, 55, 56, 57, 58, 59, 61, 63, 64, 65, 67, 68, 69, 70, 72, 73, 75, 76, 77, 80, 81, 82, 84, 85, 87, 88, 90, 91, 92, 93, 94, 95, 98]
Real value = 18027.0 Cover = 100
(Gen. 26 at 18.253s) BestSol = Solution: cost=[18734.0], size=[74], elements=[0, 1, 3, 4, 5, 6, 7, 8, 9, 10, 11, 13, 14, 15, 16, 18, 19, 21, 22, 23, 25, 26, 28, 31, 32, 35, 36, 37, 38, 39, 40, 41, 42, 43, 45, 46, 47, 48, 49, 50, 51, 53, 54, 55, 56, 57, 58, 59, 61, 63, 64, 65, 67, 68, 69, 70, 71, 72, 73, 75, 76, 77, 80, 82, 86, 87, 88, 90, 91, 92, 93, 94, 95, 98]
Real value = 18734.0 Cover = 100
(Gen. 33 at 22.964s) BestSol = Solution: cost=[19091.0], size=[75], elements=[0, 1, 3, 5, 6, 7, 8, 9, 10, 11, 13, 14, 15, 16, 18, 19, 20, 21, 22, 23, 25, 26, 27, 28, 31, 32, 36, 37, 38, 39, 40, 42, 43, 45, 46, 47, 49, 50, 51, 53, 54, 55, 56, 57, 58, 59, 61, 63, 64, 65, 67, 68, 69, 70, 71, 72, 73, 74, 75, 76, 77, 79, 80, 82, 83, 86, 87, 88, 90, 91, 92, 93, 94, 95, 98]
Real value = 19091.0 Cover = 100
(Gen. 35 at 24.474s) BestSol = Solution: cost=[19773.0], size=[73], elements=[0, 1, 3, 5, 6, 7, 8, 9, 10, 11, 13, 14, 15, 16, 18, 19, 21, 22, 23, 25, 26, 27, 28, 31, 32, 36, 37, 38, 40, 42, 43, 45, 46, 47, 48, 49, 50, 51, 53, 54, 55, 56, 57, 58, 59, 61, 63, 64, 65, 67, 68, 69, 70, 71, 72, 73, 74, 75, 76, 80, 82, 83, 85, 86, 87, 88, 90, 91, 92, 93, 94, 95, 98]
Real value = 19773.0 Cover = 100
(Gen. 38 at 26.79s) BestSol = Solution: cost=[20173.0], size=[70], elements=[0, 1, 3, 5, 6, 8, 9, 10, 11, 13, 15, 16, 18, 19, 21, 22, 26, 27, 28, 31, 32, 35, 36, 37, 39, 40, 42, 43, 45, 46, 47, 48, 49, 50, 51, 53, 54, 55, 56, 57, 58, 59, 61, 63, 64, 65, 67, 68, 69, 70, 71, 72, 73, 75, 76, 77, 80, 82, 85, 86, 87, 88, 90, 91, 92, 93, 94, 95, 97, 98]
Real value = 20173.0 Cover = 100
(Gen. 40 at 28.083s) BestSol = Solution: cost=[20221.0], size=[75], elements=[0, 1, 3, 5, 6, 8, 9, 10, 11, 13, 14, 15, 16, 19, 21, 22, 23, 25, 26, 27, 28, 31, 32, 36, 37, 38, 39, 40, 42, 43, 45, 46, 47, 48, 49, 50, 51, 53, 54, 55, 56, 57, 58, 59, 61, 63, 64, 65, 67, 68, 69, 70, 71, 72, 73, 74, 75, 76, 77, 80, 81, 82, 83, 85, 86, 87, 88, 90, 91, 92, 93, 94, 95, 97, 98]
Real value = 20221.0 Cover = 100
(Gen. 41 at 28.783s) BestSol = Solution: cost=[20759.0], size=[72], elements=[0, 1, 3, 4, 5, 6, 8, 9, 10, 11, 13, 14, 15, 16, 18, 19, 21, 22, 26, 27, 28, 31, 32, 36, 37, 39, 40, 42, 43, 45, 46, 47, 48, 49, 50, 51, 53, 54, 55, 56, 57, 58, 59, 61, 63, 64, 65, 67, 68, 69, 70, 71, 72, 73, 74, 75, 76, 77, 80, 82, 83, 85, 86, 87, 88, 90, 91, 92, 93, 94, 95, 98]
Real value = 20759.0 Cover = 100
maxVal = Solution: cost=[20759.0], size=[72], elements=[0, 1, 3, 4, 5, 6, 8, 9, 10, 11, 13, 14, 15, 16, 18, 19, 21, 22, 26, 27, 28, 31, 32, 36, 37, 39, 40, 42, 43, 45, 46, 47, 48, 49, 50, 51, 53, 54, 55, 56, 57, 58, 59, 61, 63, 64, 65, 67, 68, 69, 70, 71, 72, 73, 74, 75, 76, 77, 80, 82, 83, 85, 86, 87, 88, 90, 91, 92, 93, 94, 95, 98]
TotalTime = 30.028 seconds
