Best known = inf
(Gen. 0) BestSol = Solution: cost=[2418.0], size=[35], elements=[1, 2, 5, 6, 7, 8, 12, 13, 14, 15, 17, 18, 19, 21, 22, 23, 25, 26, 27, 28, 29, 30, 31, 32, 33, 34, 36, 37, 38, 39, 42, 44, 45, 46, 49]
Real value = 2418.0 Cover = 50
(Gen. 0 at 0.334s) BestSol = Solution: cost=[2660.0], size=[28], elements=[4, 5, 6, 7, 9, 11, 12, 14, 15, 16, 17, 18, 22, 23, 24, 25, 26, 27, 29, 32, 33, 34, 35, 36, 37, 42, 45, 49]
Real value = 2660.0 Cover = 50
(Gen. 1 at 0.491s) BestSol = Solution: cost=[3233.0], size=[34], elements=[1, 5, 6, 7, 8, 11, 12, 13, 15, 17, 18, 21, 22, 23, 25, 26, 27, 28, 29, 30, 31, 32, 33, 34, 35, 36, 37, 38, 39, 42, 44, 45, 46, 49]
Real value = 3233.0 Cover = 50
(Gen. 2 at 0.649s) BestSol = Solution: cost=[3362.0], size=[35], elements=[3, 5, 6, 7, 8, 13, 14, 15, 17, 18, 19, 20, 21, 22, 23, 24, 25, 26, 27, 29, 30, 31, 32, 33, 34, 35, 36, 37, 39, 41, 42, 45, 46, 47, 49]
Real value = 3362.0 Cover = 50
(Gen. 3 at 0.802s) BestSol = Solution: cost=[3439.0], size=[30], elements=[0, 2, 5, 6, 7, 8, 11, 12, 14, 15, 17, 21, 24, 25, 26, 27, 28, 29, 30, 32, 33, 34, 35, 37, 40, 44, 45, 46, 47, 49]
Real value = 3439.0 Cover = 50
(Gen. 5 at 1.119s) BestSol = Solution: cost=[4186.0], size=[32], elements=[2, 5, 6, 7, 8, 9, 10, 11, 12, 14, 15, 17, 19, 20, 21, 24, 26, 27, 28, 29, 32, 33, 34, 35, 36, 37, 40, 42, 43, 45, 47, 49]
Real value = 4186.0 Cover = 50
(Gen. 10 at 1.942s) BestSol = Solution: cost=[4223.0], size=[36], elements=[0, 4, 5, 6, 7, 8, 9, 11, 12, 14, 15, 17, 19, 20, 21, 24, 25, 26, 27, 28, 29, 30, 32, 33, 34, 35, 36, 37, 38, 40, 42, 44, 45, 46, 47, 49]
Real value = 4223.0 Cover = 50
(Gen. 11 at 2.096s) BestSol = Solution: cost=[4919.0], size=[36], elements=[2, 3, 5, 6, 7, 8, 9, 11, 12, 13, 14, 15, 17, 18, 20, 22, 24, 26, 27, 28, 29, 30, 32, 33, 34, 35, 36, 37, 38, 39, 40, 42, 43, 45, 47, 49]
Real value = 4919.0 Cover = 50
(Gen. 12 at 2.255s) BestSol = Solution: cost=[5185.0], size=[36], elements=[2, 5, 6, 7, 8, 9, 11, 12, 13, 14, 15, 17, 18, 20, 21, 22, 24, 26, 27, 28, 29, 30, 32, 33, 34, 35, 36, 37, 38, 39, 40, 42, 45, 46, 47, 49]
Real value = 5185.0 Cover = 50
(Gen. 13 at 2.41s) BestSol = Solution: cost=[5324.0], size=[34], elements=[0, 2, 5, 6, 7, 8, 9, 11, 12, 14, 15, 17, 20, 22, 24, 25, 26, 27, 28, 29, 30, 31, 32, 33, 34, 35, 36, 37, 39, 40, 42, 45, 47, 49]
Real value = 5324.0 Cover = 50
(Gen. 16 at 2.875s) BestSol = Solution: cost=[5408.0], size=[34], elements=[0, 2, 3, 5, 6, 7, 8, 9, 11, 12, 14, 15, 17, 20, 22, 24, 26, 27, 28, 29, 30, 32, 33, 34, 35, 36, 37, 38, 39, 40, 42, 45, 47, 49]
Real value = 5408.0 Cover = 50
(Gen. 21 at 3.665s) BestSol = Solution: cost=[5542.0], size=[36], elements=[0, 2, 5, 6, 7, 8, 9, 11, 12, 13, 14, 15, 17, 20, 21, 22, 24, 25, 26, 27, 28, 29, 30, 32, 33, 34, 35, 36, 37, 38, 39, 40, 42, 45, 47, 49]
Real value = 5542.0 Cover = 50
(Gen. 24 at 4.145s) BestSol = Solution: cost=[5596.0], size=[35], elements=[0, 2, 5, 6, 7, 8, 9, 11, 12, 14, 15, 17, 20, 21, 22, 24, 25, 26, 27, 28, 29, 30, 32, 33, 34, 35, 36, 37, 38, 39, 40, 42, 45, 47, 49]
Real value = 5596.0 Cover = 50
(Gen. 32 at 5.46s) BestSol = Solution: cost=[5677.0], size=[35], elements=[0, 2, 3, 5, 6, 7, 8, 9, 11, 12, 14, 15, 17, 20, 21, 22, 24, 25, 26, 27, 28, 29, 30, 32, 33, 34, 35, 36, 37, 38, 39, 42, 45, 47, 49]
Real value = 5677.0 Cover = 50
(Gen. 36 at 6.097s) BestSol = Solution: cost=[5691.0], size=[34], elements=[0, 2, 3, 5, 6, 7, 8, 9, 11, 12, 14, 15, 17, 20, 22, 24, 25, 26, 27, 28, 29, 30, 32, 33, 34, 35, 36, 37, 38, 39, 42, 45, 47, 49]
Real value = 5691.0 Cover = 50
maxVal = Solution: cost=[5691.0], size=[34], elements=[0, 2, 3, 5, 6, 7, 8, 9, 11, 12, 14, 15, 17, 20, 22, 24, 25, 26, 27, 28, 29, 30, 32, 33, 34, 35, 36, 37, 38, 39, 42, 45, 47, 49]
TotalTime = 10.044 seconds
