Best known = inf
(Gen. 0) BestSol = Solution: cost=[2853.0], size=[27], elements=[3, 4, 5, 6, 8, 11, 14, 15, 16, 18, 20, 23, 26, 27, 28, 29, 30, 33, 34, 35, 36, 38, 40, 41, 43, 44, 47]
Real value = 2853.0 Cover = 50
(Gen. 0 at 0.338s) BestSol = Solution: cost=[2956.0], size=[27], elements=[2, 3, 4, 9, 10, 11, 12, 15, 17, 18, 20, 22, 23, 24, 26, 27, 32, 33, 36, 37, 38, 39, 42, 44, 46, 47, 48]
Real value = 2956.0 Cover = 50
(Gen. 1 at 0.501s) BestSol = Solution: cost=[3167.0], size=[34], elements=[3, 5, 6, 7, 8, 9, 10, 11, 13, 14, 15, 16, 17, 18, 19, 20, 21, 24, 25, 26, 27, 28, 31, 32, 36, 38, 39, 40, 43, 44, 45, 46, 47, 49]
Real value = 3167.0 Cover = 50
(Gen. 2 at 0.657s) BestSol = Solution: cost=[4298.0], size=[36], elements=[2, 3, 5, 6, 8, 9, 10, 11, 14, 15, 16, 17, 18, 19, 20, 21, 22, 23, 24, 25, 26, 27, 28, 31, 32, 34, 36, 37, 38, 39, 40, 43, 45, 46, 47, 49]
Real value = 4298.0 Cover = 50
(Gen. 7 at 1.454s) BestSol = Solution: cost=[4655.0], size=[32], elements=[3, 4, 5, 6, 8, 9, 10, 11, 14, 15, 16, 17, 18, 20, 21, 22, 23, 24, 26, 27, 28, 29, 30, 31, 32, 36, 37, 38, 40, 42, 47, 49]
Real value = 4655.0 Cover = 50
(Gen. 11 at 2.094s) BestSol = Solution: cost=[5004.0], size=[36], elements=[3, 4, 5, 6, 7, 8, 9, 10, 11, 12, 14, 15, 17, 18, 19, 20, 21, 22, 23, 24, 25, 27, 29, 30, 31, 32, 33, 34, 36, 37, 38, 40, 42, 44, 47, 49]
Real value = 5004.0 Cover = 50
(Gen. 12 at 2.25s) BestSol = Solution: cost=[5427.0], size=[32], elements=[3, 4, 5, 6, 8, 9, 10, 11, 14, 15, 16, 17, 18, 21, 23, 24, 26, 27, 28, 30, 32, 33, 34, 36, 37, 38, 40, 41, 42, 45, 47, 49]
Real value = 5427.0 Cover = 50
(Gen. 13 at 2.407s) BestSol = Solution: cost=[5593.0], size=[33], elements=[3, 4, 5, 6, 8, 9, 10, 11, 14, 15, 16, 17, 18, 21, 23, 24, 26, 27, 28, 29, 30, 31, 32, 33, 34, 36, 37, 38, 40, 41, 42, 47, 49]
Real value = 5593.0 Cover = 50
(Gen. 14 at 2.569s) BestSol = Solution: cost=[5627.0], size=[33], elements=[3, 4, 5, 6, 8, 9, 10, 11, 14, 15, 16, 17, 18, 21, 22, 23, 24, 25, 26, 27, 28, 30, 32, 33, 34, 36, 37, 38, 40, 41, 42, 47, 49]
Real value = 5627.0 Cover = 50
(Gen. 15 at 2.725s) BestSol = Solution: cost=[5924.0], size=[37], elements=[2, 3, 4, 5, 6, 8, 9, 10, 11, 14, 15, 16, 17, 18, 20, 21, 22, 23, 24, 25, 26, 27, 28, 29, 30, 32, 33, 34, 36, 37, 38, 40, 41, 42, 43, 47, 49]
Real value = 5924.0 Cover = 50
(Gen. 16 at 2.888s) BestSol = Solution: cost=[6071.0], size=[38], elements=[2, 3, 4, 5, 6, 8, 9, 10, 11, 12, 14, 15, 16, 17, 18, 20, 21, 22, 23, 24, 25, 26, 27, 28, 29, 30, 32, 33, 34, 36, 37, 38, 40, 41, 42, 43, 47, 49]
Real value = 6071.0 Cover = 50
(Gen. 17 at 3.051s) BestSol = Solution: cost=[6251.0], size=[37], elements=[2, 3, 4, 5, 6, 8, 9, 10, 11, 12, 14, 15, 16, 17, 18, 20, 21, 22, 23, 24, 26, 27, 28, 29, 30, 32, 33, 34, 36, 37, 38, 40, 41, 42, 43, 47, 49]
Real value = 6251.0 Cover = 50
(Gen. 21 at 3.68s) BestSol = Solution: cost=[6308.0], size=[36], elements=[2, 3, 4, 5, 6, 8, 9, 10, 11, 12, 14, 15, 16, 17, 18, 21, 22, 23, 24, 26, 27, 28, 29, 30, 32, 33, 34, 36, 37, 38, 40, 41, 42, 43, 47, 49]
Real value = 6308.0 Cover = 50
(Gen. 25 at 4.315s) BestSol = Solution: cost=[6320.0], size=[36], elements=[2, 3, 4, 5, 6, 8, 9, 10, 11, 12, 14, 15, 16, 17, 18, 21, 22, 23, 24, 26, 27, 29, 30, 32, 33, 34, 36, 37, 38, 40, 41, 42, 43, 47, 48, 49]
Real value = 6320.0 Cover = 50
(Gen. 33 at 5.622s) BestSol = Solution: cost=[6334.0], size=[37], elements=[2, 3, 4, 5, 6, 8, 9, 10, 11, 12, 14, 15, 16, 17, 18, 20, 21, 22, 23, 24, 26, 27, 29, 30, 32, 33, 34, 36, 37, 38, 40, 41, 42, 43, 47, 48, 49]
Real value = 6334.0 Cover = 50
(Gen. 37 at 6.253s) BestSol = Solution: cost=[6340.0], size=[35], elements=[2, 3, 4, 5, 6, 9, 10, 11, 12, 14, 15, 16, 17, 18, 21, 22, 23, 24, 26, 27, 29, 30, 32, 33, 34, 36, 37, 38, 40, 41, 42, 43, 47, 48, 49]
Real value = 6340.0 Cover = 50
(Gen. 42 at 7.041s) BestSol = Solution: cost=[6391.0], size=[36], elements=[2, 3, 4, 5, 6, 9, 10, 11, 12, 14, 15, 16, 17, 18, 20, 21, 22, 23, 24, 26, 27, 29, 30, 32, 33, 34, 36, 37, 38, 40, 41, 42, 43, 47, 48, 49]
Real value = 6391.0 Cover = 50
(Gen. 55 at 9.076s) BestSol = Solution: cost=[6419.0], size=[37], elements=[2, 3, 4, 5, 6, 9, 10, 11, 12, 14, 15, 16, 17, 18, 20, 21, 22, 23, 24, 26, 27, 29, 30, 31, 32, 33, 34, 36, 37, 38, 40, 41, 42, 43, 47, 48, 49]
Real value = 6419.0 Cover = 50
maxVal = Solution: cost=[6419.0], size=[37], elements=[2, 3, 4, 5, 6, 9, 10, 11, 12, 14, 15, 16, 17, 18, 20, 21, 22, 23, 24, 26, 27, 29, 30, 31, 32, 33, 34, 36, 37, 38, 40, 41, 42, 43, 47, 48, 49]
TotalTime = 10.023 seconds
